2025-05-04 22:11:12 [error]: Payment not found for paymentId: 6e3e54d9-ab4b-42be-a0bd-fde4b051cebc
2025-05-04 22:11:12 [error]: An error occurred while retrieving the payment - dcf59309-fbf6-4223-bfed-9967c4fb09e2
2025-05-04 22:11:12 [error]: Error listing payments: Error: Database error
2025-05-04 22:11:12 [error]: Error creating payment: Error: Database error
2025-05-04 22:11:12 [error]: undefined
2025-05-04 22:11:12 [error]: Invalid payment request function stringify() { [native code] }: Payment amount is required, Payment currency is required
2025-05-04 22:11:12 [error]: Invalid payment request function stringify() { [native code] }: Payment amount must be >= 0
2025-05-04 22:11:12 [error]: Invalid payment request function stringify() { [native code] }: Currency should be 3 characters long
2025-05-04 22:11:12 [error]: Invalid payment request function stringify() { [native code] }: Payment amount is required
2025-05-04 22:11:12 [error]: Invalid payment request function stringify() { [native code] }: Currency should be 3 characters long
2025-05-04 22:11:12 [error]: Invalid payment request function stringify() { [native code] }: Payment amount is required, Payment currency is required
2025-05-04 22:11:12 [error]: Invalid payment request function stringify() { [native code] }: Currency should be 3 characters long
2025-05-04 22:12:16 [error]: Payment not found for paymentId: 7e7323ab-ce6b-4f5b-b543-0975a48717a8
2025-05-04 22:12:16 [error]: An error occurred while retrieving the payment - 3212ca70-236f-4448-890e-a9494262f41a
2025-05-04 22:12:16 [error]: Error listing payments: Error: Database error
2025-05-04 22:12:16 [error]: Error creating payment: Error: Database error
2025-05-04 22:12:16 [error]: undefined
2025-05-04 22:12:16 [error]: Invalid payment request function stringify() { [native code] }: Payment amount is required, Payment currency is required
2025-05-04 22:12:16 [error]: Invalid payment request function stringify() { [native code] }: Payment amount must be >= 0
2025-05-04 22:12:16 [error]: Invalid payment request function stringify() { [native code] }: Currency should be 3 characters long
2025-05-04 22:12:17 [error]: Invalid payment request function stringify() { [native code] }: Payment amount is required
2025-05-04 22:12:17 [error]: Invalid payment request function stringify() { [native code] }: Currency should be 3 characters long
2025-05-04 22:12:17 [error]: Invalid payment request function stringify() { [native code] }: Payment amount is required, Payment currency is required
2025-05-04 22:12:17 [error]: Invalid payment request function stringify() { [native code] }: Currency should be 3 characters long
2025-05-04 22:16:14 [error]: Payment not found for paymentId: a01a53b8-1af9-4137-a6c8-ac5f21f607c3
2025-05-04 22:16:14 [error]: An error occurred while retrieving the payment - 7210d37b-2ed3-4a92-8403-e843d71be24c
2025-05-04 22:16:14 [error]: Error listing payments: Error: Database error
2025-05-04 22:16:14 [error]: Error creating payment: Database error
2025-05-04 22:16:14 [error]: undefined
2025-05-04 22:16:14 [error]: Invalid payment request function stringify() { [native code] }: Payment amount is required, Payment currency is required
2025-05-04 22:16:14 [error]: Invalid payment request function stringify() { [native code] }: Payment amount must be >= 0
2025-05-04 22:16:14 [error]: Invalid payment request function stringify() { [native code] }: Currency should be 3 characters long
2025-05-04 22:16:14 [error]: Invalid payment request function stringify() { [native code] }: Payment amount is required
2025-05-04 22:16:14 [error]: Invalid payment request function stringify() { [native code] }: Currency should be 3 characters long
2025-05-04 22:16:14 [error]: Invalid payment request function stringify() { [native code] }: Payment amount is required, Payment currency is required
2025-05-04 22:16:14 [error]: Invalid payment request function stringify() { [native code] }: Currency should be 3 characters long
2025-05-04 22:16:40 [error]: Payment not found for paymentId: 2dbc253f-265d-4e39-bf35-e83f87eb1d4e
2025-05-04 22:16:40 [error]: An error occurred while retrieving the payment - 9496e39d-006e-4825-b6e1-3c9e6a500c90
2025-05-04 22:16:40 [error]: Error creating payment: Database error
2025-05-04 22:16:40 [error]: undefined
2025-05-04 22:16:40 [error]: Invalid payment request function stringify() { [native code] }: Payment amount is required, Payment currency is required
2025-05-04 22:16:40 [error]: Invalid payment request function stringify() { [native code] }: Payment amount must be >= 0
2025-05-04 22:16:40 [error]: Invalid payment request function stringify() { [native code] }: Currency should be 3 characters long
2025-05-04 22:16:40 [error]: Invalid payment request function stringify() { [native code] }: Payment amount is required
2025-05-04 22:16:40 [error]: Invalid payment request function stringify() { [native code] }: Currency should be 3 characters long
2025-05-04 22:16:40 [error]: Invalid payment request function stringify() { [native code] }: Payment amount is required, Payment currency is required
2025-05-04 22:16:40 [error]: Invalid payment request function stringify() { [native code] }: Currency should be 3 characters long
2025-05-04 22:16:41 [error]: Error listing payments: Database error
2025-05-04 22:24:19 [error]: Error listing payments: Database error
2025-05-04 22:24:19 [error]: Payment not found for paymentId: 6ce87bfc-5723-4e6b-b328-edbf01e28502
2025-05-04 22:24:19 [error]: An error occurred while retrieving the payment - 70f33467-9213-4497-b683-6d31d44817af
2025-05-04 22:24:19 [error]: Error creating payment: Database error
2025-05-04 22:24:19 [error]: undefined
2025-05-04 22:24:19 [error]: Invalid payment request function stringify() { [native code] }: Payment amount is required, Payment currency is required
2025-05-04 22:24:19 [error]: Invalid payment request function stringify() { [native code] }: Payment amount must be >= 0
2025-05-04 22:24:19 [error]: Invalid payment request function stringify() { [native code] }: Currency should be 3 characters long
2025-05-04 22:24:19 [error]: Invalid payment request function stringify() { [native code] }: Payment amount is required
2025-05-04 22:24:19 [error]: Invalid payment request function stringify() { [native code] }: Currency should be 3 characters long
2025-05-04 22:24:19 [error]: Invalid payment request function stringify() { [native code] }: Payment amount is required, Payment currency is required
2025-05-04 22:24:19 [error]: Invalid payment request function stringify() { [native code] }: Currency should be 3 characters long
2025-05-04 22:24:23 [error]: Error listing payments: Database error
2025-05-04 22:24:23 [error]: Payment not found for paymentId: 938509b6-b723-4730-831c-4e66b5599410
2025-05-04 22:24:23 [error]: An error occurred while retrieving the payment - ea9b3c72-8b0f-4542-8711-0e1d8ebf25d2
2025-05-04 22:24:23 [error]: Error creating payment: Database error
2025-05-04 22:24:23 [error]: undefined
2025-05-04 22:24:23 [error]: Invalid payment request function stringify() { [native code] }: Payment amount is required, Payment currency is required
2025-05-04 22:24:23 [error]: Invalid payment request function stringify() { [native code] }: Payment amount must be >= 0
2025-05-04 22:24:23 [error]: Invalid payment request function stringify() { [native code] }: Currency should be 3 characters long
2025-05-04 22:24:23 [error]: Invalid payment request function stringify() { [native code] }: Payment amount is required
2025-05-04 22:24:23 [error]: Invalid payment request function stringify() { [native code] }: Currency should be 3 characters long
2025-05-04 22:24:23 [error]: Invalid payment request function stringify() { [native code] }: Payment amount is required, Payment currency is required
2025-05-04 22:24:23 [error]: Invalid payment request function stringify() { [native code] }: Currency should be 3 characters long
2025-05-04 22:45:44 [error]: Error listing payments: Database error
2025-05-04 22:45:44 [error]: Payment not found for paymentId: 42782986-3b7c-4205-94a4-52f79992970b
2025-05-04 22:45:44 [error]: An error occurred while retrieving the payment - 0a9397b1-b380-4ba2-99e9-7870c8dd8cde
2025-05-04 22:45:44 [error]: Error creating payment: Database error
2025-05-04 22:45:44 [error]: undefined
2025-05-04 22:45:44 [error]: Invalid payment request function stringify() { [native code] }: Payment amount is required, Payment currency is required
2025-05-04 22:45:44 [error]: Invalid payment request function stringify() { [native code] }: Payment amount must be >= 0
2025-05-04 22:45:44 [error]: Invalid payment request function stringify() { [native code] }: Currency should be 3 characters long
2025-05-04 22:45:44 [error]: Invalid payment request function stringify() { [native code] }: Payment amount is required
2025-05-04 22:45:44 [error]: Invalid payment request function stringify() { [native code] }: Currency should be 3 characters long
2025-05-04 22:45:44 [error]: Invalid payment request function stringify() { [native code] }: Payment amount is required, Payment currency is required
2025-05-04 22:45:44 [error]: Invalid payment request function stringify() { [native code] }: Currency should be 3 characters long
2025-05-04 22:59:35 [error]: Error listing payments: Database error
2025-05-04 22:59:35 [error]: Payment not found for paymentId: 86715b55-d442-4481-9974-7949e522a1a4
2025-05-04 22:59:35 [error]: An error occurred while retrieving the payment - c45ff0c2-4b68-4a75-90e8-aea58989c70c
2025-05-04 22:59:35 [error]: Error creating payment: Database error
2025-05-04 22:59:35 [error]: undefined
2025-05-04 22:59:35 [error]: Invalid payment request function stringify() { [native code] }: Payment amount is required, Payment currency is required
2025-05-04 22:59:35 [error]: Invalid payment request function stringify() { [native code] }: Payment amount must be >= 0
2025-05-04 22:59:35 [error]: Invalid payment request function stringify() { [native code] }: Currency should be 3 characters long
2025-05-04 22:59:35 [error]: Invalid payment request function stringify() { [native code] }: Payment amount is required
2025-05-04 22:59:35 [error]: Invalid payment request function stringify() { [native code] }: Currency should be 3 characters long
2025-05-04 22:59:35 [error]: Invalid payment request function stringify() { [native code] }: Payment amount is required, Payment currency is required
2025-05-04 22:59:35 [error]: Invalid payment request function stringify() { [native code] }: Currency should be 3 characters long
